-------------------------------------------------------------------------------
Test set: duplicatefinder.scan.DuplicateDetectorAudioTest
-------------------------------------------------------------------------------
Tests run: 3, Failures: 1, Errors: 0, Skipped: 0, Time elapsed: 0.309 s <<< FAILURE! -- in duplicatefinder.scan.DuplicateDetectorAudioTest
duplicatefinder.scan.DuplicateDetectorAudioTest.doesNotReportNightcoreVariantAsDuplicateDespiteSimilarName -- Time elapsed: 0.122 s <<< FAILURE!
org.opentest4j.AssertionFailedError: expected: <false> but was: <true>
	at org.junit.jupiter.api.AssertionFailureBuilder.build(AssertionFailureBuilder.java:151)
	at org.junit.jupiter.api.AssertionFailureBuilder.buildAndThrow(AssertionFailureBuilder.java:132)
	at org.junit.jupiter.api.AssertFalse.failNotFalse(AssertFalse.java:63)
	at org.junit.jupiter.api.AssertFalse.assertFalse(AssertFalse.java:36)
	at org.junit.jupiter.api.AssertFalse.assertFalse(AssertFalse.java:31)
	at org.junit.jupiter.api.Assertions.assertFalse(Assertions.java:231)
	at duplicatefinder.scan.DuplicateDetectorAudioTest.doesNotReportNightcoreVariantAsDuplicateDespiteSimilarName(DuplicateDetectorAudioTest.java:70)
	at java.base/java.lang.reflect.Method.invoke(Method.java:565)
	at java.base/java.util.ArrayList.forEach(ArrayList.java:1612)
	at java.base/java.util.ArrayList.forEach(ArrayList.java:1612)

