<?xml version="1.0" encoding="UTF-8"?>
<testsuite xmlns:xsi="http://www.w3.org/2001/XMLSchema-instance" xsi:noNamespaceSchemaLocation="https://maven.apache.org/surefire/maven-surefire-plugin/xsd/surefire-test-report-3.0.xsd" version="3.0" name="duplicatefinder.delete.DeletionExecutorTest" time="0.016" tests="5" errors="0" skipped="0" failures="0">
  <properties>
[...]
</properties>
  <testcase name="worksWithoutLoggerCallback" classname="duplicatefinder.delete.DeletionExecutorTest" time="0.004"/>
  <testcase name="appliesLabelPrefixToLogMessage" classname="duplicatefinder.delete.DeletionExecutorTest" time="0.002"/>
  <testcase name="returnsZeroResultForEmptyInput" classname="duplicatefinder.delete.DeletionExecutorTest" time="0.003"/>
  <testcase name="deletesExistingFilesAndCountsThem" classname="duplicatefinder.delete.DeletionExecutorTest" time="0.003"/>
  <testcase name="countsMissingFileAsFailure" classname="duplicatefinder.delete.DeletionExecutorTest" time="0.002"/>
</testsuite>